<?xml version="1.0" encoding="UTF-8"?>
<testsuite xmlns:xsi="http://www.w3.org/2001/XMLSchema-instance" xsi:noNamespaceSchemaLocation="https://maven.apache.org/surefire/maven-surefire-plugin/xsd/surefire-test-report.xsd" name="com.soft1851.springboot.aop.SpringBootAopApplicationTests" time="0.045" tests="1" errors="0" skipped="0" failures="0">
  <properties>
    <property name="sun.desktop" value="windows"/>
    <property name="awt.toolkit" value="sun.awt.windows.WToolkit"/>
    <property name="java.specification.version" value="11"/>
    <property name="sun.cpu.isalist" value="amd64"/>
    <property name="sun.jnu.encoding" value="GBK"/>
    <property name="java.class.path" value="D:\CompcuteApplication\projectTest\SpringStudy\spring-boot-learning\spring-boot-aop\target\test-classes;D:\CompcuteApplication\projectTest\SpringStudy\spring-boot-learning\spring-boot-aop\target\classes;D:\CompcuteApplication\niitstudy\TheFirstWeek\respoity\org\springframework\boot\spring-boot-starter-web\2.2.6.RELEASE\spring-boot-starter-web-2.2.6.RELEASE.jar;D:\CompcuteApplication\niitstudy\TheFirstWeek\respoity\org\springframework\boot\spring-boot-starter\2.2.6.RELEASE\spring-boot-starter-2.2.6.RELEASE.jar;D:\CompcuteApplication\niitstudy\TheFirstWeek\respoity\org\springframework\boot\spring-boot-starter-logging\2.2.6.RELEASE\spring-boot-starter-logging-2.2.6.RELEASE.jar;D:\CompcuteApplication\niitstudy\TheFirstWeek\respoity\ch\qos\logback\logback-classic\1.2.3\logback-classic-1.2.3.jar;D:\CompcuteApplication\niitstudy\TheFirstWeek\respoity\ch\qos\logback\logback-core\1.2.3\logback-core-1.2.3.jar;D:\CompcuteApplication\niitstudy\TheFirstWeek\respoity\org\apache\logging\log4j\log4j-to-slf4j\2.12.1\log4j-to-slf4j-2.12.1.jar;D:\CompcuteApplication\niitstudy\TheFirstWeek\respoity\org\apache\logging\log4j\log4j-api\2.12.1\log4j-api-2.12.1.jar;D:\CompcuteApplication\niitstudy\TheFirstWeek\respoity\org\slf4j\jul-to-slf4j\1.7.30\jul-to-slf4j-1.7.30.jar;D:\CompcuteApplication\niitstudy\TheFirstWeek\respoity\jakarta\annotation\jakarta.annotation-api\1.3.5\jakarta.annotation-api-1.3.5.jar;D:\CompcuteApplication\niitstudy\TheFirstWeek\respoity\org\yaml\snakeyaml\1.25\snakeyaml-1.25.jar;D:\CompcuteApplication\niitstudy\TheFirstWeek\respoity\org\springframework\boot\spring-boot-starter-json\2.2.6.RELEASE\spring-boot-starter-json-2.2.6.RELEASE.jar;D:\CompcuteApplication\niitstudy\TheFirstWeek\respoity\com\fasterxml\jackson\core\jackson-databind\2.10.3\jackson-databind-2.10.3.jar;D:\CompcuteApplication\niitstudy\TheFirstWeek\respoity\com\fasterxml\jackson\core\jackson-annotations\2.10.3\jackson-annotations-2.10.3.jar;D:\CompcuteApplication\niitstudy\TheFirstWeek\respoity\com\fasterxml\jackson\core\jackson-core\2.10.3\jackson-core-2.10.3.jar;D:\CompcuteApplication\niitstudy\TheFirstWeek\respoity\com\fasterxml\jackson\datatype\jackson-datatype-jdk8\2.10.3\jackson-datatype-jdk8-2.10.3.jar;D:\CompcuteApplication\niitstudy\TheFirstWeek\respoity\com\fasterxml\jackson\datatype\jackson-datatype-jsr310\2.10.3\jackson-datatype-jsr310-2.10.3.jar;D:\CompcuteApplication\niitstudy\TheFirstWeek\respoity\com\fasterxml\jackson\module\jackson-module-parameter-names\2.10.3\jackson-module-parameter-names-2.10.3.jar;D:\CompcuteApplication\niitstudy\TheFirstWeek\respoity\org\springframework\boot\spring-boot-starter-tomcat\2.2.6.RELEASE\spring-boot-starter-tomcat-2.2.6.RELEASE.jar;D:\CompcuteApplication\niitstudy\TheFirstWeek\respoity\org\apache\tomcat\embed\tomcat-embed-core\9.0.33\tomcat-embed-core-9.0.33.jar;D:\CompcuteApplication\niitstudy\TheFirstWeek\respoity\org\apache\tomcat\embed\tomcat-embed-el\9.0.33\tomcat-embed-el-9.0.33.jar;D:\CompcuteApplication\niitstudy\TheFirstWeek\respoity\org\apache\tomcat\embed\tomcat-embed-websocket\9.0.33\tomcat-embed-websocket-9.0.33.jar;D:\CompcuteApplication\niitstudy\TheFirstWeek\respoity\org\springframework\boot\spring-boot-starter-validation\2.2.6.RELEASE\spring-boot-starter-validation-2.2.6.RELEASE.jar;D:\CompcuteApplication\niitstudy\TheFirstWeek\respoity\jakarta\validation\jakarta.validation-api\2.0.2\jakarta.validation-api-2.0.2.jar;D:\CompcuteApplication\niitstudy\TheFirstWeek\respoity\org\hibernate\validator\hibernate-validator\6.0.18.Final\hibernate-validator-6.0.18.Final.jar;D:\CompcuteApplication\niitstudy\TheFirstWeek\respoity\org\jboss\logging\jboss-logging\3.4.1.Final\jboss-logging-3.4.1.Final.jar;D:\CompcuteApplication\niitstudy\TheFirstWeek\respoity\com\fasterxml\classmate\1.5.1\classmate-1.5.1.jar;D:\CompcuteApplication\niitstudy\TheFirstWeek\respoity\org\springframework\spring-web\5.2.5.RELEASE\spring-web-5.2.5.RELEASE.jar;D:\CompcuteApplication\niitstudy\TheFirstWeek\respoity\org\springframework\spring-beans\5.2.5.RELEASE\spring-beans-5.2.5.RELEASE.jar;D:\CompcuteApplication\niitstudy\TheFirstWeek\respoity\org\springframework\spring-webmvc\5.2.5.RELEASE\spring-webmvc-5.2.5.RELEASE.jar;D:\CompcuteApplication\niitstudy\TheFirstWeek\respoity\org\springframework\spring-context\5.2.5.RELEASE\spring-context-5.2.5.RELEASE.jar;D:\CompcuteApplication\niitstudy\TheFirstWeek\respoity\org\springframework\spring-expression\5.2.5.RELEASE\spring-expression-5.2.5.RELEASE.jar;D:\CompcuteApplication\niitstudy\TheFirstWeek\respoity\org\springframework\boot\spring-boot-devtools\2.2.6.RELEASE\spring-boot-devtools-2.2.6.RELEASE.jar;D:\CompcuteApplication\niitstudy\TheFirstWeek\respoity\org\springframework\boot\spring-boot\2.2.6.RELEASE\spring-boot-2.2.6.RELEASE.jar;D:\CompcuteApplication\niitstudy\TheFirstWeek\respoity\org\springframework\boot\spring-boot-autoconfigure\2.2.6.RELEASE\spring-boot-autoconfigure-2.2.6.RELEASE.jar;D:\CompcuteApplication\niitstudy\TheFirstWeek\respoity\org\projectlombok\lombok\1.18.12\lombok-1.18.12.jar;D:\CompcuteApplication\niitstudy\TheFirstWeek\respoity\org\springframework\boot\spring-boot-starter-test\2.2.6.RELEASE\spring-boot-starter-test-2.2.6.RELEASE.jar;D:\CompcuteApplication\niitstudy\TheFirstWeek\respoity\org\springframework\boot\spring-boot-test\2.2.6.RELEASE\spring-boot-test-2.2.6.RELEASE.jar;D:\CompcuteApplication\niitstudy\TheFirstWeek\respoity\org\springframework\boot\spring-boot-test-autoconfigure\2.2.6.RELEASE\spring-boot-test-autoconfigure-2.2.6.RELEASE.jar;D:\CompcuteApplication\niitstudy\TheFirstWeek\respoity\com\jayway\jsonpath\json-path\2.4.0\json-path-2.4.0.jar;D:\CompcuteApplication\niitstudy\TheFirstWeek\respoity\net\minidev\json-smart\2.3\json-smart-2.3.jar;D:\CompcuteApplication\niitstudy\TheFirstWeek\respoity\net\minidev\accessors-smart\1.2\accessors-smart-1.2.jar;D:\CompcuteApplication\niitstudy\TheFirstWeek\respoity\org\ow2\asm\asm\5.0.4\asm-5.0.4.jar;D:\CompcuteApplication\niitstudy\TheFirstWeek\respoity\org\slf4j\slf4j-api\1.7.30\slf4j-api-1.7.30.jar;D:\CompcuteApplication\niitstudy\TheFirstWeek\respoity\jakarta\xml\bind\jakarta.xml.bind-api\2.3.3\jakarta.xml.bind-api-2.3.3.jar;D:\CompcuteApplication\niitstudy\TheFirstWeek\respoity\jakarta\activation\jakarta.activation-api\1.2.2\jakarta.activation-api-1.2.2.jar;D:\CompcuteApplication\niitstudy\TheFirstWeek\respoity\org\junit\jupiter\junit-jupiter\5.5.2\junit-jupiter-5.5.2.jar;D:\CompcuteApplication\niitstudy\TheFirstWeek\respoity\org\junit\jupiter\junit-jupiter-api\5.5.2\junit-jupiter-api-5.5.2.jar;D:\CompcuteApplication\niitstudy\TheFirstWeek\respoity\org\apiguardian\apiguardian-api\1.1.0\apiguardian-api-1.1.0.jar;D:\CompcuteApplication\niitstudy\TheFirstWeek\respoity\org\opentest4j\opentest4j\1.2.0\opentest4j-1.2.0.jar;D:\CompcuteApplication\niitstudy\TheFirstWeek\respoity\org\junit\platform\junit-platform-commons\1.5.2\junit-platform-commons-1.5.2.jar;D:\CompcuteApplication\niitstudy\TheFirstWeek\respoity\org\junit\jupiter\junit-jupiter-params\5.5.2\junit-jupiter-params-5.5.2.jar;D:\CompcuteApplication\niitstudy\TheFirstWeek\respoity\org\junit\jupiter\junit-jupiter-engine\5.5.2\junit-jupiter-engine-5.5.2.jar;D:\CompcuteApplication\niitstudy\TheFirstWeek\respoity\org\junit\platform\junit-platform-engine\1.5.2\junit-platform-engine-1.5.2.jar;D:\CompcuteApplication\niitstudy\TheFirstWeek\respoity\org\mockito\mockito-junit-jupiter\3.1.0\mockito-junit-jupiter-3.1.0.jar;D:\CompcuteApplication\niitstudy\TheFirstWeek\respoity\org\assertj\assertj-core\3.13.2\assertj-core-3.13.2.jar;D:\CompcuteApplication\niitstudy\TheFirstWeek\respoity\org\hamcrest\hamcrest\2.1\hamcrest-2.1.jar;D:\CompcuteApplication\niitstudy\TheFirstWeek\respoity\org\mockito\mockito-core\3.1.0\mockito-core-3.1.0.jar;D:\CompcuteApplication\niitstudy\TheFirstWeek\respoity\net\bytebuddy\byte-buddy\1.10.8\byte-buddy-1.10.8.jar;D:\CompcuteApplication\niitstudy\TheFirstWeek\respoity\net\bytebuddy\byte-buddy-agent\1.10.8\byte-buddy-agent-1.10.8.jar;D:\CompcuteApplication\niitstudy\TheFirstWeek\respoity\org\objenesis\objenesis\2.6\objenesis-2.6.jar;D:\CompcuteApplication\niitstudy\TheFirstWeek\respoity\org\skyscreamer\jsonassert\1.5.0\jsonassert-1.5.0.jar;D:\CompcuteApplication\niitstudy\TheFirstWeek\respoity\com\vaadin\external\google\android-json\0.0.20131108.vaadin1\android-json-0.0.20131108.vaadin1.jar;D:\CompcuteApplication\niitstudy\TheFirstWeek\respoity\org\springframework\spring-core\5.2.5.RELEASE\spring-core-5.2.5.RELEASE.jar;D:\CompcuteApplication\niitstudy\TheFirstWeek\respoity\org\springframework\spring-jcl\5.2.5.RELEASE\spring-jcl-5.2.5.RELEASE.jar;D:\CompcuteApplication\niitstudy\TheFirstWeek\respoity\org\springframework\spring-test\5.2.5.RELEASE\spring-test-5.2.5.RELEASE.jar;D:\CompcuteApplication\niitstudy\TheFirstWeek\respoity\org\xmlunit\xmlunit-core\2.6.4\xmlunit-core-2.6.4.jar;D:\CompcuteApplication\niitstudy\TheFirstWeek\respoity\org\springframework\boot\spring-boot-starter-aop\2.2.6.RELEASE\spring-boot-starter-aop-2.2.6.RELEASE.jar;D:\CompcuteApplication\niitstudy\TheFirstWeek\respoity\org\springframework\spring-aop\5.2.5.RELEASE\spring-aop-5.2.5.RELEASE.jar;D:\CompcuteApplication\niitstudy\TheFirstWeek\respoity\org\aspectj\aspectjweaver\1.9.5\aspectjweaver-1.9.5.jar;D:\CompcuteApplication\niitstudy\TheFirstWeek\respoity\org\mybatis\spring\boot\mybatis-spring-boot-starter\2.1.2\mybatis-spring-boot-starter-2.1.2.jar;D:\CompcuteApplication\niitstudy\TheFirstWeek\respoity\org\springframework\boot\spring-boot-starter-jdbc\2.2.6.RELEASE\spring-boot-starter-jdbc-2.2.6.RELEASE.jar;D:\CompcuteApplication\niitstudy\TheFirstWeek\respoity\com\zaxxer\HikariCP\3.4.2\HikariCP-3.4.2.jar;D:\CompcuteApplication\niitstudy\TheFirstWeek\respoity\org\springframework\spring-jdbc\5.2.5.RELEASE\spring-jdbc-5.2.5.RELEASE.jar;D:\CompcuteApplication\niitstudy\TheFirstWeek\respoity\org\springframework\spring-tx\5.2.5.RELEASE\spring-tx-5.2.5.RELEASE.jar;D:\CompcuteApplication\niitstudy\TheFirstWeek\respoity\org\mybatis\spring\boot\mybatis-spring-boot-autoconfigure\2.1.2\mybatis-spring-boot-autoconfigure-2.1.2.jar;D:\CompcuteApplication\niitstudy\TheFirstWeek\respoity\org\mybatis\mybatis\3.5.4\mybatis-3.5.4.jar;D:\CompcuteApplication\niitstudy\TheFirstWeek\respoity\org\mybatis\mybatis-spring\2.0.4\mybatis-spring-2.0.4.jar;D:\CompcuteApplication\niitstudy\TheFirstWeek\respoity\com\alibaba\druid\1.0.31\druid-1.0.31.jar;D:\CompcuteApplication\niitstudy\TheFirstWeek\respoity\mysql\mysql-connector-java\5.1.48\mysql-connector-java-5.1.48.jar;D:\CompcuteApplication\niitstudy\TheFirstWeek\respoity\commons-codec\commons-codec\1.12\commons-codec-1.12.jar;"/>
    <property name="java.vm.vendor" value="Oracle Corporation"/>
    <property name="sun.arch.data.model" value="64"/>
    <property name="user.variant" value=""/>
    <property name="java.vendor.url" value="http://java.oracle.com/"/>
    <property name="user.timezone" value="Asia/Shanghai"/>
    <property name="java.vm.specification.version" value="11"/>
    <property name="os.name" value="Windows 10"/>
    <property name="sun.java.launcher" value="SUN_STANDARD"/>
    <property name="user.country" value="CN"/>
    <property name="sun.boot.library.path" value="C:\Program Files\Java\jdk-11.0.1\bin"/>
    <property name="sun.java.command" value="C:\Users\lenovo\AppData\Local\Temp\surefire4745080989424662154\surefirebooter1748442016355589966.jar C:\Users\lenovo\AppData\Local\Temp\surefire4745080989424662154 2020-04-13T21-41-35_621-jvmRun1 surefire924342202328989993tmp surefire_012913852717388364003tmp"/>
    <property name="jdk.debug" value="release"/>
    <property name="surefire.test.class.path" value="D:\CompcuteApplication\projectTest\SpringStudy\spring-boot-learning\spring-boot-aop\target\test-classes;D:\CompcuteApplication\projectTest\SpringStudy\spring-boot-learning\spring-boot-aop\target\classes;D:\CompcuteApplication\niitstudy\TheFirstWeek\respoity\org\springframework\boot\spring-boot-starter-web\2.2.6.RELEASE\spring-boot-starter-web-2.2.6.RELEASE.jar;D:\CompcuteApplication\niitstudy\TheFirstWeek\respoity\org\springframework\boot\spring-boot-starter\2.2.6.RELEASE\spring-boot-starter-2.2.6.RELEASE.jar;D:\CompcuteApplication\niitstudy\TheFirstWeek\respoity\org\springframework\boot\spring-boot-starter-logging\2.2.6.RELEASE\spring-boot-starter-logging-2.2.6.RELEASE.jar;D:\CompcuteApplication\niitstudy\TheFirstWeek\respoity\ch\qos\logback\logback-classic\1.2.3\logback-classic-1.2.3.jar;D:\CompcuteApplication\niitstudy\TheFirstWeek\respoity\ch\qos\logback\logback-core\1.2.3\logback-core-1.2.3.jar;D:\CompcuteApplication\niitstudy\TheFirstWeek\respoity\org\apache\logging\log4j\log4j-to-slf4j\2.12.1\log4j-to-slf4j-2.12.1.jar;D:\CompcuteApplication\niitstudy\TheFirstWeek\respoity\org\apache\logging\log4j\log4j-api\2.12.1\log4j-api-2.12.1.jar;D:\CompcuteApplication\niitstudy\TheFirstWeek\respoity\org\slf4j\jul-to-slf4j\1.7.30\jul-to-slf4j-1.7.30.jar;D:\CompcuteApplication\niitstudy\TheFirstWeek\respoity\jakarta\annotation\jakarta.annotation-api\1.3.5\jakarta.annotation-api-1.3.5.jar;D:\CompcuteApplication\niitstudy\TheFirstWeek\respoity\org\yaml\snakeyaml\1.25\snakeyaml-1.25.jar;D:\CompcuteApplication\niitstudy\TheFirstWeek\respoity\org\springframework\boot\spring-boot-starter-json\2.2.6.RELEASE\spring-boot-starter-json-2.2.6.RELEASE.jar;D:\CompcuteApplication\niitstudy\TheFirstWeek\respoity\com\fasterxml\jackson\core\jackson-databind\2.10.3\jackson-databind-2.10.3.jar;D:\CompcuteApplication\niitstudy\TheFirstWeek\respoity\com\fasterxml\jackson\core\jackson-annotations\2.10.3\jackson-annotations-2.10.3.jar;D:\CompcuteApplication\niitstudy\TheFirstWeek\respoity\com\fasterxml\jackson\core\jackson-core\2.10.3\jackson-core-2.10.3.jar;D:\CompcuteApplication\niitstudy\TheFirstWeek\respoity\com\fasterxml\jackson\datatype\jackson-datatype-jdk8\2.10.3\jackson-datatype-jdk8-2.10.3.jar;D:\CompcuteApplication\niitstudy\TheFirstWeek\respoity\com\fasterxml\jackson\datatype\jackson-datatype-jsr310\2.10.3\jackson-datatype-jsr310-2.10.3.jar;D:\CompcuteApplication\niitstudy\TheFirstWeek\respoity\com\fasterxml\jackson\module\jackson-module-parameter-names\2.10.3\jackson-module-parameter-names-2.10.3.jar;D:\CompcuteApplication\niitstudy\TheFirstWeek\respoity\org\springframework\boot\spring-boot-starter-tomcat\2.2.6.RELEASE\spring-boot-starter-tomcat-2.2.6.RELEASE.jar;D:\CompcuteApplication\niitstudy\TheFirstWeek\respoity\org\apache\tomcat\embed\tomcat-embed-core\9.0.33\tomcat-embed-core-9.0.33.jar;D:\CompcuteApplication\niitstudy\TheFirstWeek\respoity\org\apache\tomcat\embed\tomcat-embed-el\9.0.33\tomcat-embed-el-9.0.33.jar;D:\CompcuteApplication\niitstudy\TheFirstWeek\respoity\org\apache\tomcat\embed\tomcat-embed-websocket\9.0.33\tomcat-embed-websocket-9.0.33.jar;D:\CompcuteApplication\niitstudy\TheFirstWeek\respoity\org\springframework\boot\spring-boot-starter-validation\2.2.6.RELEASE\spring-boot-starter-validation-2.2.6.RELEASE.jar;D:\CompcuteApplication\niitstudy\TheFirstWeek\respoity\jakarta\validation\jakarta.validation-api\2.0.2\jakarta.validation-api-2.0.2.jar;D:\CompcuteApplication\niitstudy\TheFirstWeek\respoity\org\hibernate\validator\hibernate-validator\6.0.18.Final\hibernate-validator-6.0.18.Final.jar;D:\CompcuteApplication\niitstudy\TheFirstWeek\respoity\org\jboss\logging\jboss-logging\3.4.1.Final\jboss-logging-3.4.1.Final.jar;D:\CompcuteApplication\niitstudy\TheFirstWeek\respoity\com\fasterxml\classmate\1.5.1\classmate-1.5.1.jar;D:\CompcuteApplication\niitstudy\TheFirstWeek\respoity\org\springframework\spring-web\5.2.5.RELEASE\spring-web-5.2.5.RELEASE.jar;D:\CompcuteApplication\niitstudy\TheFirstWeek\respoity\org\springframework\spring-beans\5.2.5.RELEASE\spring-beans-5.2.5.RELEASE.jar;D:\CompcuteApplication\niitstudy\TheFirstWeek\respoity\org\springframework\spring-webmvc\5.2.5.RELEASE\spring-webmvc-5.2.5.RELEASE.jar;D:\CompcuteApplication\niitstudy\TheFirstWeek\respoity\org\springframework\spring-context\5.2.5.RELEASE\spring-context-5.2.5.RELEASE.jar;D:\CompcuteApplication\niitstudy\TheFirstWeek\respoity\org\springframework\spring-expression\5.2.5.RELEASE\spring-expression-5.2.5.RELEASE.jar;D:\CompcuteApplication\niitstudy\TheFirstWeek\respoity\org\springframework\boot\spring-boot-devtools\2.2.6.RELEASE\spring-boot-devtools-2.2.6.RELEASE.jar;D:\CompcuteApplication\niitstudy\TheFirstWeek\respoity\org\springframework\boot\spring-boot\2.2.6.RELEASE\spring-boot-2.2.6.RELEASE.jar;D:\CompcuteApplication\niitstudy\TheFirstWeek\respoity\org\springframework\boot\spring-boot-autoconfigure\2.2.6.RELEASE\spring-boot-autoconfigure-2.2.6.RELEASE.jar;D:\CompcuteApplication\niitstudy\TheFirstWeek\respoity\org\projectlombok\lombok\1.18.12\lombok-1.18.12.jar;D:\CompcuteApplication\niitstudy\TheFirstWeek\respoity\org\springframework\boot\spring-boot-starter-test\2.2.6.RELEASE\spring-boot-starter-test-2.2.6.RELEASE.jar;D:\CompcuteApplication\niitstudy\TheFirstWeek\respoity\org\springframework\boot\spring-boot-test\2.2.6.RELEASE\spring-boot-test-2.2.6.RELEASE.jar;D:\CompcuteApplication\niitstudy\TheFirstWeek\respoity\org\springframework\boot\spring-boot-test-autoconfigure\2.2.6.RELEASE\spring-boot-test-autoconfigure-2.2.6.RELEASE.jar;D:\CompcuteApplication\niitstudy\TheFirstWeek\respoity\com\jayway\jsonpath\json-path\2.4.0\json-path-2.4.0.jar;D:\CompcuteApplication\niitstudy\TheFirstWeek\respoity\net\minidev\json-smart\2.3\json-smart-2.3.jar;D:\CompcuteApplication\niitstudy\TheFirstWeek\respoity\net\minidev\accessors-smart\1.2\accessors-smart-1.2.jar;D:\CompcuteApplication\niitstudy\TheFirstWeek\respoity\org\ow2\asm\asm\5.0.4\asm-5.0.4.jar;D:\CompcuteApplication\niitstudy\TheFirstWeek\respoity\org\slf4j\slf4j-api\1.7.30\slf4j-api-1.7.30.jar;D:\CompcuteApplication\niitstudy\TheFirstWeek\respoity\jakarta\xml\bind\jakarta.xml.bind-api\2.3.3\jakarta.xml.bind-api-2.3.3.jar;D:\CompcuteApplication\niitstudy\TheFirstWeek\respoity\jakarta\activation\jakarta.activation-api\1.2.2\jakarta.activation-api-1.2.2.jar;D:\CompcuteApplication\niitstudy\TheFirstWeek\respoity\org\junit\jupiter\junit-jupiter\5.5.2\junit-jupiter-5.5.2.jar;D:\CompcuteApplication\niitstudy\TheFirstWeek\respoity\org\junit\jupiter\junit-jupiter-api\5.5.2\junit-jupiter-api-5.5.2.jar;D:\CompcuteApplication\niitstudy\TheFirstWeek\respoity\org\apiguardian\apiguardian-api\1.1.0\apiguardian-api-1.1.0.jar;D:\CompcuteApplication\niitstudy\TheFirstWeek\respoity\org\opentest4j\opentest4j\1.2.0\opentest4j-1.2.0.jar;D:\CompcuteApplication\niitstudy\TheFirstWeek\respoity\org\junit\platform\junit-platform-commons\1.5.2\junit-platform-commons-1.5.2.jar;D:\CompcuteApplication\niitstudy\TheFirstWeek\respoity\org\junit\jupiter\junit-jupiter-params\5.5.2\junit-jupiter-params-5.5.2.jar;D:\CompcuteApplication\niitstudy\TheFirstWeek\respoity\org\junit\jupiter\junit-jupiter-engine\5.5.2\junit-jupiter-engine-5.5.2.jar;D:\CompcuteApplication\niitstudy\TheFirstWeek\respoity\org\junit\platform\junit-platform-engine\1.5.2\junit-platform-engine-1.5.2.jar;D:\CompcuteApplication\niitstudy\TheFirstWeek\respoity\org\mockito\mockito-junit-jupiter\3.1.0\mockito-junit-jupiter-3.1.0.jar;D:\CompcuteApplication\niitstudy\TheFirstWeek\respoity\org\assertj\assertj-core\3.13.2\assertj-core-3.13.2.jar;D:\CompcuteApplication\niitstudy\TheFirstWeek\respoity\org\hamcrest\hamcrest\2.1\hamcrest-2.1.jar;D:\CompcuteApplication\niitstudy\TheFirstWeek\respoity\org\mockito\mockito-core\3.1.0\mockito-core-3.1.0.jar;D:\CompcuteApplication\niitstudy\TheFirstWeek\respoity\net\bytebuddy\byte-buddy\1.10.8\byte-buddy-1.10.8.jar;D:\CompcuteApplication\niitstudy\TheFirstWeek\respoity\net\bytebuddy\byte-buddy-agent\1.10.8\byte-buddy-agent-1.10.8.jar;D:\CompcuteApplication\niitstudy\TheFirstWeek\respoity\org\objenesis\objenesis\2.6\objenesis-2.6.jar;D:\CompcuteApplication\niitstudy\TheFirstWeek\respoity\org\skyscreamer\jsonassert\1.5.0\jsonassert-1.5.0.jar;D:\CompcuteApplication\niitstudy\TheFirstWeek\respoity\com\vaadin\external\google\android-json\0.0.20131108.vaadin1\android-json-0.0.20131108.vaadin1.jar;D:\CompcuteApplication\niitstudy\TheFirstWeek\respoity\org\springframework\spring-core\5.2.5.RELEASE\spring-core-5.2.5.RELEASE.jar;D:\CompcuteApplication\niitstudy\TheFirstWeek\respoity\org\springframework\spring-jcl\5.2.5.RELEASE\spring-jcl-5.2.5.RELEASE.jar;D:\CompcuteApplication\niitstudy\TheFirstWeek\respoity\org\springframework\spring-test\5.2.5.RELEASE\spring-test-5.2.5.RELEASE.jar;D:\CompcuteApplication\niitstudy\TheFirstWeek\respoity\org\xmlunit\xmlunit-core\2.6.4\xmlunit-core-2.6.4.jar;D:\CompcuteApplication\niitstudy\TheFirstWeek\respoity\org\springframework\boot\spring-boot-starter-aop\2.2.6.RELEASE\spring-boot-starter-aop-2.2.6.RELEASE.jar;D:\CompcuteApplication\niitstudy\TheFirstWeek\respoity\org\springframework\spring-aop\5.2.5.RELEASE\spring-aop-5.2.5.RELEASE.jar;D:\CompcuteApplication\niitstudy\TheFirstWeek\respoity\org\aspectj\aspectjweaver\1.9.5\aspectjweaver-1.9.5.jar;D:\CompcuteApplication\niitstudy\TheFirstWeek\respoity\org\mybatis\spring\boot\mybatis-spring-boot-starter\2.1.2\mybatis-spring-boot-starter-2.1.2.jar;D:\CompcuteApplication\niitstudy\TheFirstWeek\respoity\org\springframework\boot\spring-boot-starter-jdbc\2.2.6.RELEASE\spring-boot-starter-jdbc-2.2.6.RELEASE.jar;D:\CompcuteApplication\niitstudy\TheFirstWeek\respoity\com\zaxxer\HikariCP\3.4.2\HikariCP-3.4.2.jar;D:\CompcuteApplication\niitstudy\TheFirstWeek\respoity\org\springframework\spring-jdbc\5.2.5.RELEASE\spring-jdbc-5.2.5.RELEASE.jar;D:\CompcuteApplication\niitstudy\TheFirstWeek\respoity\org\springframework\spring-tx\5.2.5.RELEASE\spring-tx-5.2.5.RELEASE.jar;D:\CompcuteApplication\niitstudy\TheFirstWeek\respoity\org\mybatis\spring\boot\mybatis-spring-boot-autoconfigure\2.1.2\mybatis-spring-boot-autoconfigure-2.1.2.jar;D:\CompcuteApplication\niitstudy\TheFirstWeek\respoity\org\mybatis\mybatis\3.5.4\mybatis-3.5.4.jar;D:\CompcuteApplication\niitstudy\TheFirstWeek\respoity\org\mybatis\mybatis-spring\2.0.4\mybatis-spring-2.0.4.jar;D:\CompcuteApplication\niitstudy\TheFirstWeek\respoity\com\alibaba\druid\1.0.31\druid-1.0.31.jar;D:\CompcuteApplication\niitstudy\TheFirstWeek\respoity\mysql\mysql-connector-java\5.1.48\mysql-connector-java-5.1.48.jar;D:\CompcuteApplication\niitstudy\TheFirstWeek\respoity\commons-codec\commons-codec\1.12\commons-codec-1.12.jar;"/>
    <property name="sun.cpu.endian" value="little"/>
    <property name="user.home" value="C:\Users\lenovo"/>
    <property name="user.language" value="zh"/>
    <property name="java.specification.vendor" value="Oracle Corporation"/>
    <property name="java.version.date" value="2018-10-16"/>
    <property name="java.home" value="C:\Program Files\Java\jdk-11.0.1"/>
    <property name="file.separator" value="\"/>
    <property name="basedir" value="D:\CompcuteApplication\projectTest\SpringStudy\spring-boot-learning\spring-boot-aop"/>
    <property name="java.vm.compressedOopsMode" value="32-bit"/>
    <property name="line.separator" value="&#10;"/>
    <property name="java.specification.name" value="Java Platform API Specification"/>
    <property name="java.vm.specification.vendor" value="Oracle Corporation"/>
    <property name="java.awt.graphicsenv" value="sun.awt.Win32GraphicsEnvironment"/>
    <property name="surefire.real.class.path" value="C:\Users\lenovo\AppData\Local\Temp\surefire4745080989424662154\surefirebooter1748442016355589966.jar"/>
    <property name="user.script" value=""/>
    <property name="sun.management.compiler" value="HotSpot 64-Bit Tiered Compilers"/>
    <property name="java.runtime.version" value="11.0.1+13-LTS"/>
    <property name="user.name" value="lenovo"/>
    <property name="path.separator" value=";"/>
    <property name="os.version" value="10.0"/>
    <property name="java.runtime.name" value="Java(TM) SE Runtime Environment"/>
    <property name="file.encoding" value="GBK"/>
    <property name="java.vm.name" value="Java HotSpot(TM) 64-Bit Server VM"/>
    <property name="java.vendor.version" value="18.9"/>
    <property name="localRepository" value="D:\CompcuteApplication\niitstudy\TheFirstWeek\respoity"/>
    <property name="java.vendor.url.bug" value="http://bugreport.java.com/bugreport/"/>
    <property name="java.io.tmpdir" value="C:\Users\lenovo\AppData\Local\Temp\"/>
    <property name="java.version" value="11.0.1"/>
    <property name="user.dir" value="D:\CompcuteApplication\projectTest\SpringStudy\spring-boot-learning\spring-boot-aop"/>
    <property name="os.arch" value="amd64"/>
    <property name="java.vm.specification.name" value="Java Virtual Machine Specification"/>
    <property name="java.awt.printerjob" value="sun.awt.windows.WPrinterJob"/>
    <property name="sun.os.patch.level" value=""/>
    <property name="java.library.path" value="C:\Program Files\Java\jdk-11.0.1\bin;C:\WINDOWS\Sun\Java\bin;C:\WINDOWS\system32;C:\WINDOWS;C:\Program Files\Python38\Scripts\;C:\Program Files\Python38\;C:\Users\lenovo\AppData\Local\Programs\Python\Python38\Scripts\;C:\Users\lenovo\AppData\Local\Programs\Python\Python38\;C:\ProgramData\Oracle\Java\javapath;C:\Program Files\Java\jdk-11.0.1\bin;C:\Program Files\Java\jdk-11.0.1\jre\bin;C:\Program Files (x86)\Intel\Intel(R) Management Engine Components\iCLS\;C:\Program Files\Intel\Intel(R) Management Engine Components\iCLS\;C:\Windows\system32;C:\Windows;C:\Windows\System32\Wbem;C:\Windows\System32\WindowsPowerShell\v1.0\;C:\Windows\System32\OpenSSH\;C:\Program Files (x86)\Intel\Intel(R) Management Engine Components\DAL;C:\Program Files\Intel\Intel(R) Management Engine Components\DAL;C:\Program Files (x86)\Intel\Intel(R) Management Engine Components\IPT;C:\Program Files\Intel\Intel(R) Management Engine Components\IPT;C:\Program Files (x86)\NVIDIA Corporation\PhysX\Common;C:\WINDOWS\system32;C:\WINDOWS;C:\WINDOWS\System32\Wbem;C:\WINDOWS\System32\WindowsPowerShell\v1.0\;C:\WINDOWS\System32\OpenSSH\;C:\Program Files (x86)\Microsoft SQL Server\100\Tools\Binn\;C:\Program Files\Microsoft SQL Server\100\Tools\Binn\;C:\Program Files\Microsoft SQL Server\100\DTS\Binn\;C:\Program Files (x86)\Microsoft SQL Server\100\Tools\Binn\VSShell\Common7\IDE\;C:\Program Files (x86)\Microsoft SQL Server\100\DTS\Binn\;C:\Program Files (x86)\Microsoft Visual Studio 9.0\Common7\IDE\PrivateAssemblies\;C:\Program Files (x86)\MySQL\MySQL Fabric 1.5.4 &amp; MySQL Utilities 1.5.4 1.5\;C:\Program Files (x86)\MySQL\MySQL Fabric 1.5.4 &amp; MySQL Utilities 1.5.4 1.5\Doctrine extensions for PHP\;C:\Program Files\NVIDIA Corporation\NVIDIA NvDLISR;D:\CompcuteApplication\newIDEAandEclipse\Tomcat9\bin;D:\CompcuteApplication\profession\Git\cmd;D:\CompcuteApplication\profession\node.js\;D:\CompcuteApplication\profession\node_global;D:\CompcuteApplication\Git\cmd;C:\Program Files\MySQL\MySQL Server 5.6\bin;C:\WINDOWS\system32;C:\WINDOWS;C:\WINDOWS\System32\Wbem;C:\WINDOWS\System32\WindowsPowerShell\v1.0\;C:\WINDOWS\System32\OpenSSH\;D:\CompcuteApplication\profession\Microsoft VS Code\bin;D:\CompcuteApplication\jdk\jdk-11.0.1\bin;D:\CompcuteApplication\tools\apache-maven-3.6.3\bin;C:\Users\lenovo\AppData\Local\Microsoft\WindowsApps;C:\Users\lenovo\AppData\Local\Programs\Microsoft VS Code\bin;D:\CompcuteApplication\profession;C:\Users\lenovo\AppData\Roaming\npm;D:\CompcuteApplication\profession\IDEA\IntelliJ IDEA 2019.2.2\plugins\JavaScriptLanguage\helpers\nodejs;D:\快捷启动;;D:\CompcuteApplication\profession\pycharm-2019.3.3\python\PyCharm 2019.3.3\bin;;D:\CompcuteApplication\profession\Fiddler;."/>
    <property name="java.vendor" value="Oracle Corporation"/>
    <property name="java.vm.info" value="mixed mode"/>
    <property name="java.vm.version" value="11.0.1+13-LTS"/>
    <property name="idea.version2019.3" value="true"/>
    <property name="sun.io.unicode.encoding" value="UnicodeLittle"/>
    <property name="java.class.version" value="55.0"/>
  </properties>
  <testcase name="contextLoads" classname="com.soft1851.springboot.aop.SpringBootAopApplicationTests" time="0.012"/>
</testsuite>